<?xml version="1.0" encoding="UTF-8"?>
<testng-results ignored="0" total="2" passed="2" failed="0" skipped="0">
  <reporter-output>
  </reporter-output>
  <suite started-at="2021-11-28T15:30:24 IST" name="Suite" finished-at="2021-11-28T15:30:59 IST" duration-ms="35264">
    <groups>
    </groups>
    <test started-at="2021-11-28T15:30:24 IST" name="ChromeTest" finished-at="2021-11-28T15:30:39 IST" duration-ms="15791">
      <class name="test.pacakage.test">
        <test-method is-config="true" signature="LaunchBrowse(java.lang.String)[pri:0, instance:test.pacakage.test@6a400542]" started-at="2021-11-28T15:30:24 IST" name="LaunchBrowse" finished-at="2021-11-28T15:30:28 IST" duration-ms="4134" status="PASS">
          <params>
            <param index="0">
              <value>
                <![CDATA[Chrome]]>
              </value>
            </param>
          </params>
          <reporter-output>
          </reporter-output>
        </test-method> <!-- LaunchBrowse -->
        <test-method is-config="true" signature="openGrowAppHomePage()[pri:0, instance:test.pacakage.test@6a400542]" started-at="2021-11-28T15:30:28 IST" name="openGrowAppHomePage" finished-at="2021-11-28T15:30:32 IST" duration-ms="4070" status="PASS">
          <reporter-output>
          </reporter-output>
        </test-method> <!-- openGrowAppHomePage -->
        <test-method is-config="true" signature="ObjectCreation()[pri:0, instance:test.pacakage.test@6a400542]" started-at="2021-11-28T15:30:32 IST" name="ObjectCreation" finished-at="2021-11-28T15:30:32 IST" duration-ms="105" status="PASS">
          <reporter-output>
          </reporter-output>
        </test-method> <!-- ObjectCreation -->
        <test-method signature="verifyLogin()[pri:0, instance:test.pacakage.test@6a400542]" started-at="2021-11-28T15:30:32 IST" name="verifyLogin" finished-at="2021-11-28T15:30:39 IST" duration-ms="7398" status="PASS">
          <reporter-output>
          </reporter-output>
        </test-method> <!-- verifyLogin -->
        <test-method is-config="true" signature="CleanObject()[pri:0, instance:test.pacakage.test@6a400542]" started-at="2021-11-28T15:30:39 IST" name="CleanObject" finished-at="2021-11-28T15:30:39 IST" duration-ms="0" status="PASS">
          <reporter-output>
          </reporter-output>
        </test-method> <!-- CleanObject -->
        <test-method is-config="true" signature="closeApp()[pri:0, instance:test.pacakage.test@6a400542]" started-at="2021-11-28T15:30:39 IST" name="closeApp" finished-at="2021-11-28T15:30:39 IST" duration-ms="0" status="PASS">
          <reporter-output>
          </reporter-output>
        </test-method> <!-- closeApp -->
        <test-method is-config="true" signature="closeBrowser()[pri:0, instance:test.pacakage.test@6a400542]" started-at="2021-11-28T15:30:39 IST" name="closeBrowser" finished-at="2021-11-28T15:30:39 IST" duration-ms="0" status="PASS">
          <reporter-output>
          </reporter-output>
        </test-method> <!-- closeBrowser -->
      </class> <!-- test.pacakage.test -->
    </test> <!-- ChromeTest -->
    <test started-at="2021-11-28T15:30:40 IST" name="Firefox Test" finished-at="2021-11-28T15:30:59 IST" duration-ms="19309">
      <class name="test.pacakage.test">
        <test-method is-config="true" signature="LaunchBrowse(java.lang.String)[pri:0, instance:test.pacakage.test@192d43ce]" started-at="2021-11-28T15:30:40 IST" name="LaunchBrowse" finished-at="2021-11-28T15:30:43 IST" duration-ms="3643" status="PASS">
          <params>
            <param index="0">
              <value>
                <![CDATA[Firefox]]>
              </value>
            </param>
          </params>
          <reporter-output>
          </reporter-output>
        </test-method> <!-- LaunchBrowse -->
        <test-method is-config="true" signature="openGrowAppHomePage()[pri:0, instance:test.pacakage.test@192d43ce]" started-at="2021-11-28T15:30:43 IST" name="openGrowAppHomePage" finished-at="2021-11-28T15:30:51 IST" duration-ms="7591" status="PASS">
          <reporter-output>
          </reporter-output>
        </test-method> <!-- openGrowAppHomePage -->
        <test-method is-config="true" signature="ObjectCreation()[pri:0, instance:test.pacakage.test@192d43ce]" started-at="2021-11-28T15:30:51 IST" name="ObjectCreation" finished-at="2021-11-28T15:30:51 IST" duration-ms="6" status="PASS">
          <reporter-output>
          </reporter-output>
        </test-method> <!-- ObjectCreation -->
        <test-method signature="verifyLogin()[pri:0, instance:test.pacakage.test@192d43ce]" started-at="2021-11-28T15:30:51 IST" name="verifyLogin" finished-at="2021-11-28T15:30:59 IST" duration-ms="8061" status="PASS">
          <reporter-output>
          </reporter-output>
        </test-method> <!-- verifyLogin -->
        <test-method is-config="true" signature="CleanObject()[pri:0, instance:test.pacakage.test@192d43ce]" started-at="2021-11-28T15:30:59 IST" name="CleanObject" finished-at="2021-11-28T15:30:59 IST" duration-ms="1" status="PASS">
          <reporter-output>
          </reporter-output>
        </test-method> <!-- CleanObject -->
        <test-method is-config="true" signature="closeApp()[pri:0, instance:test.pacakage.test@192d43ce]" started-at="2021-11-28T15:30:59 IST" name="closeApp" finished-at="2021-11-28T15:30:59 IST" duration-ms="1" status="PASS">
          <reporter-output>
          </reporter-output>
        </test-method> <!-- closeApp -->
        <test-method is-config="true" signature="closeBrowser()[pri:0, instance:test.pacakage.test@192d43ce]" started-at="2021-11-28T15:30:59 IST" name="closeBrowser" finished-at="2021-11-28T15:30:59 IST" duration-ms="0" status="PASS">
          <reporter-output>
          </reporter-output>
        </test-method> <!-- closeBrowser -->
      </class> <!-- test.pacakage.test -->
    </test> <!-- Firefox Test -->
  </suite> <!-- Suite -->
</testng-results>
